<?xml version="1.0" encoding="UTF-8"?>
<!-- Generated by org.testng.reporters.JUnitReportReporter -->
<testsuite hostname="TYSS-Rakesh-B" failures="0" tests="1" name="org.automation.testScripts.AddToCartTestCase" time="6.329" errors="0" timestamp="2024-02-08T16:31:49 IST" skipped="0">
  <testcase classname="org.automation.testScripts.AddToCartTestCase" name="addToCartTestCase" time="6.329"/>
  <system-out>
    <![CDATA[Digital Downloads Page Displayed..
Shopping Cart Page Displayed..
AddToCartTestCase Pass...]]>
  </system-out>
</testsuite> <!-- org.automation.testScripts.AddToCartTestCase -->
