<?xml version="1.0" encoding="UTF-8"?>
<!-- Generated by org.testng.reporters.JUnitReportReporter -->
<testsuite hostname="TYSS-Rakesh-B" failures="0" tests="1" name="org.automation.testScripts.LearningExtentReport" time="0.013" errors="0" timestamp="2024-02-08T15:38:43 IST" skipped="0">
  <testcase classname="org.automation.testScripts.LearningExtentReport" name="testCase" time="0.013"/>
  <system-out/>
</testsuite> <!-- org.automation.testScripts.LearningExtentReport -->
