<?xml version="1.0" encoding="UTF-8"?>
<!-- Generated by org.testng.reporters.JUnitReportReporter -->
<testsuite hostname="TYSS-Rakesh-B" failures="0" tests="1" name="org.automation.testScripts.WishListTestCase" time="5.179" errors="0" timestamp="2024-02-08T15:06:27 IST" skipped="0">
  <testcase classname="org.automation.testScripts.WishListTestCase" name="wishListTestCase" time="5.179"/>
  <system-out>
    <![CDATA[WishList Test case Pass..]]>
  </system-out>
</testsuite> <!-- org.automation.testScripts.WishListTestCase -->
