<?xml version="1.0" encoding="UTF-8"?>
<!-- Generated by org.testng.reporters.JUnitReportReporter -->
<testsuite hostname="TYSS-Rakesh-B" failures="0" tests="4" name="org.automation.testScripts.RegisterTestCase" time="24.278" errors="0" timestamp="2024-02-08T15:06:27 IST" skipped="0">
  <testcase classname="org.automation.testScripts.RegisterTestCase" name="registerTestCase" time="6.188"/>
  <system-out>
    <![CDATA[Register Page is Displayed...
Register Test Case Pass...]]>
  </system-out>
  <testcase classname="org.automation.testScripts.RegisterTestCase" name="registerTestCase" time="6.981"/>
  <system-out>
    <![CDATA[Register Page is Displayed...
Register Test Case Pass...]]>
  </system-out>
  <testcase classname="org.automation.testScripts.RegisterTestCase" name="registerTestCase" time="5.525"/>
  <system-out>
    <![CDATA[Register Page is Displayed...
Register Test Case Pass...]]>
  </system-out>
  <testcase classname="org.automation.testScripts.RegisterTestCase" name="registerTestCase" time="5.584"/>
  <system-out>
    <![CDATA[Register Page is Displayed...
Register Test Case Pass...]]>
  </system-out>
</testsuite> <!-- org.automation.testScripts.RegisterTestCase -->
